<?xml version="1.0" encoding="UTF-8"?>
<!-- Generated by org.testng.reporters.JUnitXMLReporter -->
<testsuite ignored="0" hostname="DESKTOP-DP1UUO0" failures="0" tests="2" name="Test" time="17.36" errors="0" timestamp="2024-09-24T08:01:18 IST">
  <testcase classname="in.akbar.testcases.TC001_AccountRegistrationTest" name="verify_account_registration" time="2.689"/>
  <testcase classname="in.akbar.testcases.TC002_LoginTest" name="verifyMessageVisibility" time="1.584"/>
</testsuite> <!-- Test -->
