<?xml version="1.0" encoding="UTF-8"?>
<testng-results ignored="0" total="2" passed="2" failed="0" skipped="0">
  <reporter-output>
  </reporter-output>
  <suite started-at="2024-09-24T16:23:27 IST" name="Master Suite" finished-at="2024-09-24T16:23:39 IST" duration-ms="11742">
    <groups>
      <group name="Master">
        <method signature="TC001_AccountRegistrationTest.verify_account_registration()[pri:0, instance:in.akbar.testcases.TC001_AccountRegistrationTest@7e242b4d]" name="verify_account_registration" class="in.akbar.testcases.TC001_AccountRegistrationTest"/>
        <method signature="TC002_LoginTest.verifyMessageVisibility()[pri:0, instance:in.akbar.testcases.TC002_LoginTest@1d1f7216]" name="verifyMessageVisibility" class="in.akbar.testcases.TC002_LoginTest"/>
      </group> <!-- Master -->
      <group name="Sanity">
        <method signature="TC002_LoginTest.verifyMessageVisibility()[pri:0, instance:in.akbar.testcases.TC002_LoginTest@1d1f7216]" name="verifyMessageVisibility" class="in.akbar.testcases.TC002_LoginTest"/>
      </group> <!-- Sanity -->
      <group name="Regression">
        <method signature="TC001_AccountRegistrationTest.verify_account_registration()[pri:0, instance:in.akbar.testcases.TC001_AccountRegistrationTest@7e242b4d]" name="verify_account_registration" class="in.akbar.testcases.TC001_AccountRegistrationTest"/>
      </group> <!-- Regression -->
    </groups>
    <test started-at="2024-09-24T16:23:27 IST" name="Test" finished-at="2024-09-24T16:23:39 IST" duration-ms="11742">
      <class name="in.akbar.testcases.TC001_AccountRegistrationTest">
        <test-method is-config="true" signature="setup(java.lang.String,java.lang.String)[pri:0, instance:in.akbar.testcases.TC001_AccountRegistrationTest@7e242b4d]" started-at="2024-09-24T16:23:28 IST" name="setup" finished-at="2024-09-24T16:23:31 IST" duration-ms="2914" status="PASS">
          <params>
            <param index="0">
              <value>
                <![CDATA[edge]]>
              </value>
            </param>
            <param index="1">
              <value>
                <![CDATA[windows]]>
              </value>
            </param>
          </params>
          <reporter-output>
          </reporter-output>
        </test-method> <!-- setup -->
        <test-method signature="verify_account_registration()[pri:0, instance:in.akbar.testcases.TC001_AccountRegistrationTest@7e242b4d]" started-at="2024-09-24T16:23:31 IST" name="verify_account_registration" finished-at="2024-09-24T16:23:33 IST" duration-ms="2736" status="PASS">
          <reporter-output>
          </reporter-output>
        </test-method> <!-- verify_account_registration -->
        <test-method is-config="true" signature="tearDown()[pri:0, instance:in.akbar.testcases.TC001_AccountRegistrationTest@7e242b4d]" started-at="2024-09-24T16:23:33 IST" name="tearDown" finished-at="2024-09-24T16:23:35 IST" duration-ms="1286" status="PASS">
          <reporter-output>
          </reporter-output>
        </test-method> <!-- tearDown -->
      </class> <!-- in.akbar.testcases.TC001_AccountRegistrationTest -->
      <class name="in.akbar.testcases.TC002_LoginTest">
        <test-method is-config="true" signature="setup(java.lang.String,java.lang.String)[pri:0, instance:in.akbar.testcases.TC002_LoginTest@1d1f7216]" started-at="2024-09-24T16:23:35 IST" name="setup" finished-at="2024-09-24T16:23:37 IST" duration-ms="2159" status="PASS">
          <params>
            <param index="0">
              <value>
                <![CDATA[edge]]>
              </value>
            </param>
            <param index="1">
              <value>
                <![CDATA[windows]]>
              </value>
            </param>
          </params>
          <reporter-output>
          </reporter-output>
        </test-method> <!-- setup -->
        <test-method signature="verifyMessageVisibility()[pri:0, instance:in.akbar.testcases.TC002_LoginTest@1d1f7216]" started-at="2024-09-24T16:23:37 IST" name="verifyMessageVisibility" finished-at="2024-09-24T16:23:38 IST" duration-ms="1139" status="PASS">
          <reporter-output>
          </reporter-output>
        </test-method> <!-- verifyMessageVisibility -->
        <test-method is-config="true" signature="tearDown()[pri:0, instance:in.akbar.testcases.TC002_LoginTest@1d1f7216]" started-at="2024-09-24T16:23:38 IST" name="tearDown" finished-at="2024-09-24T16:23:39 IST" duration-ms="1250" status="PASS">
          <reporter-output>
          </reporter-output>
        </test-method> <!-- tearDown -->
      </class> <!-- in.akbar.testcases.TC002_LoginTest -->
    </test> <!-- Test -->
  </suite> <!-- Master Suite -->
</testng-results>
