<?xml version="1.0" encoding="UTF-8"?>
<testng-results ignored="0" total="2" passed="2" failed="0" skipped="0">
  <reporter-output>
  </reporter-output>
  <suite started-at="2024-09-24T08:01:00 IST" name="Master Suite" finished-at="2024-09-24T08:01:17 IST" duration-ms="17360">
    <groups>
      <group name="Master">
        <method signature="TC001_AccountRegistrationTest.verify_account_registration()[pri:0, instance:in.akbar.testcases.TC001_AccountRegistrationTest@3bde62ff]" name="verify_account_registration" class="in.akbar.testcases.TC001_AccountRegistrationTest"/>
        <method signature="TC002_LoginTest.verifyMessageVisibility()[pri:0, instance:in.akbar.testcases.TC002_LoginTest@319dead1]" name="verifyMessageVisibility" class="in.akbar.testcases.TC002_LoginTest"/>
      </group> <!-- Master -->
      <group name="Sanity">
        <method signature="TC002_LoginTest.verifyMessageVisibility()[pri:0, instance:in.akbar.testcases.TC002_LoginTest@319dead1]" name="verifyMessageVisibility" class="in.akbar.testcases.TC002_LoginTest"/>
      </group> <!-- Sanity -->
      <group name="Regression">
        <method signature="TC001_AccountRegistrationTest.verify_account_registration()[pri:0, instance:in.akbar.testcases.TC001_AccountRegistrationTest@3bde62ff]" name="verify_account_registration" class="in.akbar.testcases.TC001_AccountRegistrationTest"/>
      </group> <!-- Regression -->
    </groups>
    <test started-at="2024-09-24T08:01:00 IST" name="Test" finished-at="2024-09-24T08:01:17 IST" duration-ms="17360">
      <class name="in.akbar.testcases.TC001_AccountRegistrationTest">
        <test-method is-config="true" signature="setup(java.lang.String,java.lang.String)[pri:0, instance:in.akbar.testcases.TC001_AccountRegistrationTest@3bde62ff]" started-at="2024-09-24T08:01:00 IST" name="setup" finished-at="2024-09-24T08:01:08 IST" duration-ms="7626" status="PASS">
          <params>
            <param index="0">
              <value>
                <![CDATA[edge]]>
              </value>
            </param>
            <param index="1">
              <value>
                <![CDATA[windows]]>
              </value>
            </param>
          </params>
          <reporter-output>
          </reporter-output>
        </test-method> <!-- setup -->
        <test-method signature="verify_account_registration()[pri:0, instance:in.akbar.testcases.TC001_AccountRegistrationTest@3bde62ff]" started-at="2024-09-24T08:01:08 IST" name="verify_account_registration" finished-at="2024-09-24T08:01:10 IST" duration-ms="2689" status="PASS">
          <reporter-output>
          </reporter-output>
        </test-method> <!-- verify_account_registration -->
        <test-method is-config="true" signature="tearDown()[pri:0, instance:in.akbar.testcases.TC001_AccountRegistrationTest@3bde62ff]" started-at="2024-09-24T08:01:10 IST" name="tearDown" finished-at="2024-09-24T08:01:12 IST" duration-ms="1325" status="PASS">
          <reporter-output>
          </reporter-output>
        </test-method> <!-- tearDown -->
      </class> <!-- in.akbar.testcases.TC001_AccountRegistrationTest -->
      <class name="in.akbar.testcases.TC002_LoginTest">
        <test-method is-config="true" signature="setup(java.lang.String,java.lang.String)[pri:0, instance:in.akbar.testcases.TC002_LoginTest@319dead1]" started-at="2024-09-24T08:01:12 IST" name="setup" finished-at="2024-09-24T08:01:14 IST" duration-ms="2294" status="PASS">
          <params>
            <param index="0">
              <value>
                <![CDATA[edge]]>
              </value>
            </param>
            <param index="1">
              <value>
                <![CDATA[windows]]>
              </value>
            </param>
          </params>
          <reporter-output>
          </reporter-output>
        </test-method> <!-- setup -->
        <test-method signature="verifyMessageVisibility()[pri:0, instance:in.akbar.testcases.TC002_LoginTest@319dead1]" started-at="2024-09-24T08:01:14 IST" name="verifyMessageVisibility" finished-at="2024-09-24T08:01:16 IST" duration-ms="1584" status="PASS">
          <reporter-output>
          </reporter-output>
        </test-method> <!-- verifyMessageVisibility -->
        <test-method is-config="true" signature="tearDown()[pri:0, instance:in.akbar.testcases.TC002_LoginTest@319dead1]" started-at="2024-09-24T08:01:16 IST" name="tearDown" finished-at="2024-09-24T08:01:17 IST" duration-ms="1507" status="PASS">
          <reporter-output>
          </reporter-output>
        </test-method> <!-- tearDown -->
      </class> <!-- in.akbar.testcases.TC002_LoginTest -->
    </test> <!-- Test -->
  </suite> <!-- Master Suite -->
</testng-results>
