<?xml version="1.0" encoding="UTF-8"?>
<!-- Generated by org.testng.reporters.JUnitXMLReporter -->
<testsuite ignored="1" hostname="DESKTOP-DP1UUO0" failures="0" tests="2" name="Test" time="12.909" errors="0" timestamp="2024-09-06T09:49:21 IST">
  <testcase classname="in.akbar.testcases.TC001_AccountRegistrationTest" name="verify_account_registration" time="2.208"/>
  <testcase classname="in.akbar.testcases.TC002_LoginTest" name="verifyMessageVisibility" time="1.349"/>
  <testcase classname="in.akbar.testcases.TC003_LoginDataDrivenTest" name="verifyLoginDDTest" time="0.0">
    <ignored/>
  </testcase> <!-- verifyLoginDDTest -->
</testsuite> <!-- Test -->
